<?xml version="1.0" encoding="UTF-8"?>
<!-- Generated by org.testng.reporters.JUnitReportReporter -->
<testsuite hostname="DESKTOP-DIMGNTL" failures="0" tests="1" name="tests.LoginPageTest" time="4.773" errors="0" timestamp="2022-08-25T23:43:08 EDT" skipped="0">
  <testcase classname="tests.LoginPageTest" name="Login" time="4.773"/>
  <system-out/>
</testsuite> <!-- tests.LoginPageTest -->
