<?xml version="1.0" encoding="UTF-8"?>
<!-- Generated by org.testng.reporters.JUnitReportReporter -->
<testsuite hostname="DESKTOP-DIMGNTL" failures="0" tests="1" name="tests.HomePageTest" time="26.063" errors="0" timestamp="2022-08-25T23:46:32 EDT" skipped="0">
  <testcase classname="tests.HomePageTest" name="SelectProducts" time="26.063"/>
  <system-out/>
</testsuite> <!-- tests.HomePageTest -->
