<?xml version="1.0" encoding="UTF-8"?>
<!-- Generated by org.testng.reporters.JUnitReportReporter -->
<testsuite hostname="DESKTOP-DIMGNTL" failures="0" tests="1" name="tests.BasketPageTest" time="42.302" errors="0" timestamp="2022-08-25T23:52:25 EDT" skipped="0">
  <testcase classname="tests.BasketPageTest" name="GoToBasketPageIncreaseProductCount" time="42.302"/>
  <system-out/>
</testsuite> <!-- tests.BasketPageTest -->
